#
# A fatal error has been detected by the Java Runtime Environment:
#
#  EXCEPTION_ACCESS_VIOLATION (0xc0000005) at pc=0x00007ffd43bd800c, pid=14824, tid=9356
#
# JRE version: OpenJDK Runtime Environment (15.0.2+7) (build 15.0.2+7-27)
# Java VM: OpenJDK 64-Bit Server VM (15.0.2+7-27, mixed mode, tiered, compressed oops, g1 gc, windows-amd64)
# Problematic frame:
# V  [jvm.dll+0x6a800c]
#
# No core dump will be written. Minidumps are not enabled by default on client versions of Windows
#
# If you would like to submit a bug report, please visit:
#   https://bugreport.java.com/bugreport/crash.jsp
#

---------------  S U M M A R Y ------------

Command Line: -XX:+ShowCodeDetailsInExceptionMessages -agentlib:jdwp=transport=dt_socket,suspend=y,address=localhost:52176 -ea -javaagent:C:\Users\Aashish\eclipse\java-2020-12\eclipse\configuration\org.eclipse.osgi\220\0\.cp\lib\javaagent-shaded.jar -Dfile.encoding=Cp1252 org.eclipse.jdt.internal.junit.runner.RemoteTestRunner -version 3 -port 52175 -testLoaderClass org.eclipse.jdt.internal.junit4.runner.JUnit4TestLoader -loaderpluginname org.eclipse.jdt.junit4.runtime -classNames nz.ac.auckland.softeng281.a4.GraphTest

Host: AMD Ryzen 5 2500U with Radeon Vega Mobile Gfx  , 8 cores, 21G,  Windows 10 , 64 bit Build 19041 (10.0.19041.928)
Time: Wed Jun  2 23:21:52 2021 New Zealand Standard Time elapsed time: 756.748342 seconds (0d 0h 12m 36s)

---------------  T H R E A D  ---------------

Current thread (0x00000122a695be20):  JavaThread "JDWP Transport Listener: dt_socket" daemon [_thread_in_vm, id=9356, stack(0x0000001834400000,0x0000001834500000)] _threads_hazard_ptr=0x00000122a6f46960

Stack: [0x0000001834400000,0x0000001834500000],  sp=0x00000018344fe810,  free space=1018k
Native frames: (J=compiled Java code, j=interpreted, Vv=VM code, C=native code)
V  [jvm.dll+0x6a800c]
V  [jvm.dll+0x2fff3f]
V  [jvm.dll+0x302055]
V  [jvm.dll+0x3026ce]
V  [jvm.dll+0x2ffd7f]
V  [jvm.dll+0x2ff02a]
V  [jvm.dll+0x619ec0]
V  [jvm.dll+0x619ba3]
V  [jvm.dll+0x5df278]
V  [jvm.dll+0x77876f]
V  [jvm.dll+0x4f02e1]
V  [jvm.dll+0x7882b5]
V  [jvm.dll+0x4d40ea]
V  [jvm.dll+0x49526b]
C  [jdwp.dll+0x796b]


siginfo: EXCEPTION_ACCESS_VIOLATION (0xc0000005), reading address 0x000000000027002a


Register to memory mapping:

RIP=0x00007ffd43bd800c jvm.dll
RAX=0x0000000000270026 is an unknown value
RBX=0x0 is NULL
RCX=0x00000018344fe830 is pointing into the stack for thread: 0x00000122a695be20
RDX=0x0000000000000024 is an unknown value
RSP=0x00000018344fe810 is pointing into the stack for thread: 0x00000122a695be20
RBP=0x00000018344fe970 is pointing into the stack for thread: 0x00000122a695be20
RSI=0x0 is NULL
RDI=0x00000018344fef80 is pointing into the stack for thread: 0x00000122a695be20
R8 =0x0 is NULL
R9 =0x00000122a77e6fa8 is pointing into metadata
R10=0x00000122a694eac0 points into unknown readable memory: 0x4700000147000000 | 00 00 00 47 01 00 00 47
R11=0x00000122a694e900 points into unknown readable memory: 0x4700000147000000 | 00 00 00 47 01 00 00 47
R12=0x00007ffd43530000 jvm.dll
R13=0x00000122a694e8b0 points into unknown readable memory: 0x0000006fb7796e00 | 00 6e 79 b7 6f 00 00 00
R14=0x00000018344fe8a0 is pointing into the stack for thread: 0x00000122a695be20
R15=0x0000000000000077 is an unknown value


Registers:
RAX=0x0000000000270026, RBX=0x0000000000000000, RCX=0x00000018344fe830, RDX=0x0000000000000024
RSP=0x00000018344fe810, RBP=0x00000018344fe970, RSI=0x0000000000000000, RDI=0x00000018344fef80
R8 =0x0000000000000000, R9 =0x00000122a77e6fa8, R10=0x00000122a694eac0, R11=0x00000122a694e900
R12=0x00007ffd43530000, R13=0x00000122a694e8b0, R14=0x00000018344fe8a0, R15=0x0000000000000077
RIP=0x00007ffd43bd800c, EFLAGS=0x0000000000010246

Top of Stack: (sp=0x00000018344fe810)
0x00000018344fe810:   0000000000000000 0000000000000000
0x00000018344fe820:   00000018344fef80 0000000000000000
0x00000018344fe830:   0000000000270026 00007ffd4373e9be
0x00000018344fe840:   0000000000000001 0000000000000000
0x00000018344fe850:   00000122a5cfb5c0 0000000000000000
0x00000018344fe860:   00000122a77e7cd1 00007ffd4382ff3f
0x00000018344fe870:   0000000000000000 0000000000000000
0x00000018344fe880:   0000000000000000 0000000000000000
0x00000018344fe890:   0000000000000000 0000000000000000
0x00000018344fe8a0:   0000000000270026 0000000000000063
0x00000018344fe8b0:   0000000000000000 00000018344fe8f8
0x00000018344fe8c0:   0000000000000000 00000122a692c9d0
0x00000018344fe8d0:   0000002600000025 0000000000000026
0x00000018344fe8e0:   000000030000000e 00000122a5cfb5c0
0x00000018344fe8f0:   0000000000000000 0000000000000000
0x00000018344fe900:   0000000000000000 0000000000000000 

Instructions: (pc=0x00007ffd43bd800c)
0x00007ffd43bd7f0c:   47 1c 03 00 00 00 44 89 47 0c 44 89 47 08 44 3b
0x00007ffd43bd7f1c:   c3 7c 17 c7 47 1c ff ff ff ff 48 8b 5c 24 30 48
0x00007ffd43bd7f2c:   8b 74 24 38 48 83 c4 20 5f c3 0f be 4c 30 07 e8
0x00007ffd43bd7f3c:   e0 fb ff ff 48 83 c6 06 89 47 18 83 e8 0c 74 50
0x00007ffd43bd7f4c:   83 f8 01 75 34 49 63 c0 48 3b c3 7d 18 0f 1f 80
0x00007ffd43bd7f5c:   00 00 00 00 80 3c 30 5b 75 0b 41 ff c0 48 ff c0
0x00007ffd43bd7f6c:   48 3b c3 7c ef 49 63 c8 41 8b c0 2b 47 0c 48 03
0x00007ffd43bd7f7c:   ce 89 47 14 80 39 4c 74 1d 41 8d 58 01 89 5f 0c
0x00007ffd43bd7f8c:   48 8b 5c 24 30 48 8b 74 24 38 48 83 c4 20 5f c3
0x00007ffd43bd7f9c:   49 63 c8 48 03 ce 8b c3 ba 3b 00 00 00 41 2b c0
0x00007ffd43bd7fac:   4c 63 c0 e8 cc 1d 13 00 48 85 c0 74 06 8b d8 2b
0x00007ffd43bd7fbc:   de ff c3 48 8b 74 24 38 89 5f 0c 48 8b 5c 24 30
0x00007ffd43bd7fcc:   48 83 c4 20 5f c3 cc cc cc cc cc cc cc cc cc cc
0x00007ffd43bd7fdc:   cc cc cc cc 41 56 48 83 ec 50 83 79 08 63 4c 8b
0x00007ffd43bd7fec:   f1 0f 85 d3 00 00 00 48 8b 01 48 8d 4c 24 20 48
0x00007ffd43bd7ffc:   89 44 24 20 48 89 5c 24 60 33 db 48 89 74 24 68
0x00007ffd43bd800c:   0f b7 40 04 89 44 24 30 48 8b 05 0d 02 42 00 48
0x00007ffd43bd801c:   89 44 24 40 c7 44 24 3c 01 00 00 00 c7 44 24 2c
0x00007ffd43bd802c:   01 00 00 00 c7 44 24 28 01 00 00 00 89 5c 24 34
0x00007ffd43bd803c:   48 89 5c 24 48 e8 7a fe ff ff 48 8d 4c 24 20 e8
0x00007ffd43bd804c:   b0 00 00 00 8b 44 24 38 48 8b 4c 24 40 41 89 46
0x00007ffd43bd805c:   08 e8 ee e9 04 00 48 8b 74 24 48 48 85 f6 74 45
0x00007ffd43bd806c:   39 1e 7e 41 48 89 7c 24 70 8b fb 66 0f 1f 84 00
0x00007ffd43bd807c:   00 00 00 00 48 8b 4e 18 48 8b 0c 39 e8 c3 e9 04
0x00007ffd43bd808c:   00 ff c3 48 8d 7f 08 3b 1e 7c e9 41 8b 46 08 48
0x00007ffd43bd809c:   8b 7c 24 70 48 8b 5c 24 60 48 8b 74 24 68 48 83
0x00007ffd43bd80ac:   c4 50 41 5e c3 41 8b 46 08 48 8b 5c 24 60 48 8b
0x00007ffd43bd80bc:   74 24 68 48 83 c4 50 41 5e c3 8b 41 08 48 83 c4
0x00007ffd43bd80cc:   50 41 5e c3 48 8d 42 ff 48 83 f8 fd 77 14 48 3b
0x00007ffd43bd80dc:   51 10 74 19 48 89 51 10 48 d1 ea 83 e2 0f 89 51
0x00007ffd43bd80ec:   08 c3 48 89 51 10 c7 41 08 63 00 00 00 c3 cc cc
0x00007ffd43bd80fc:   cc cc cc cc 40 53 48 83 ec 20 8b 41 1c 48 8b d9 


Stack slot to memory mapping:
stack at sp + 0 slots: 0x0 is NULL
stack at sp + 1 slots: 0x0 is NULL
stack at sp + 2 slots: 0x00000018344fef80 is pointing into the stack for thread: 0x00000122a695be20
stack at sp + 3 slots: 0x0 is NULL
stack at sp + 4 slots: 0x0000000000270026 is an unknown value
stack at sp + 5 slots: 0x00007ffd4373e9be jvm.dll
stack at sp + 6 slots: 0x0000000000000001 is an unknown value
stack at sp + 7 slots: 0x0 is NULL


---------------  P R O C E S S  ---------------

Threads class SMR info:
_java_thread_list=0x00000122a6f46960, length=15, elements={
0x00000122835f8840, 0x00000122a6677020, 0x00000122a667aa00, 0x00000122a66bc330,
0x00000122a66bec00, 0x00000122a66bf5c0, 0x00000122a66c5770, 0x00000122a66ce130,
0x00000122a66d9240, 0x00000122a6812130, 0x00000122a695be20, 0x00000122a6e80040,
0x00000122a6a14f60, 0x00000122a6f3e520, 0x00000122a6fef470
}

Java Threads: ( => current thread )
  0x00000122835f8840 JavaThread "main" [_thread_blocked, id=10316, stack(0x0000001833400000,0x0000001833500000)]
  0x00000122a6677020 JavaThread "Reference Handler" daemon [_thread_blocked, id=8896, stack(0x0000001833b00000,0x0000001833c00000)]
  0x00000122a667aa00 JavaThread "Finalizer" daemon [_thread_blocked, id=8876, stack(0x0000001833c00000,0x0000001833d00000)]
  0x00000122a66bc330 JavaThread "Signal Dispatcher" daemon [_thread_blocked, id=2412, stack(0x0000001833d00000,0x0000001833e00000)]
  0x00000122a66bec00 JavaThread "Attach Listener" daemon [_thread_blocked, id=15860, stack(0x0000001833e00000,0x0000001833f00000)]
  0x00000122a66bf5c0 JavaThread "Service Thread" daemon [_thread_blocked, id=5124, stack(0x0000001833f00000,0x0000001834000000)]
  0x00000122a66c5770 JavaThread "C2 CompilerThread0" daemon [_thread_blocked, id=9248, stack(0x0000001834000000,0x0000001834100000)]
  0x00000122a66ce130 JavaThread "C1 CompilerThread0" daemon [_thread_blocked, id=1632, stack(0x0000001834100000,0x0000001834200000)]
  0x00000122a66d9240 JavaThread "Sweeper thread" daemon [_thread_blocked, id=18912, stack(0x0000001834200000,0x0000001834300000)]
  0x00000122a6812130 JavaThread "Common-Cleaner" daemon [_thread_blocked, id=17540, stack(0x0000001834300000,0x0000001834400000)]
=>0x00000122a695be20 JavaThread "JDWP Transport Listener: dt_socket" daemon [_thread_in_vm, id=9356, stack(0x0000001834400000,0x0000001834500000)]
  0x00000122a6e80040 JavaThread "JDWP Event Helper Thread" daemon [_thread_blocked, id=16876, stack(0x0000001834500000,0x0000001834600000)]
  0x00000122a6a14f60 JavaThread "JDWP Command Reader" daemon [_thread_in_native, id=17520, stack(0x0000001834600000,0x0000001834700000)]
  0x00000122a6f3e520 JavaThread "Notification Thread" daemon [_thread_blocked, id=8160, stack(0x0000001834700000,0x0000001834800000)]
  0x00000122a6fef470 JavaThread "ReaderThread" [_thread_in_native, id=15280, stack(0x0000001834900000,0x0000001834a00000)]

Other Threads:
  0x00000122a6642b50 VMThread "VM Thread" [stack: 0x0000001833a00000,0x0000001833b00000] [id=12148]
  0x00000122a6f19820 WatcherThread [stack: 0x0000001834800000,0x0000001834900000] [id=7356]
  0x0000012283652ce0 GCTaskThread "GC Thread#0" [stack: 0x0000001833500000,0x0000001833600000] [id=19128]
  0x000001228365f420 ConcurrentGCThread "G1 Main Marker" [stack: 0x0000001833600000,0x0000001833700000] [id=5900]
  0x000001228365ff20 ConcurrentGCThread "G1 Conc#0" [stack: 0x0000001833700000,0x0000001833800000] [id=16728]
  0x00000122a5c680e0 ConcurrentGCThread "G1 Refine#0" [stack: 0x0000001833800000,0x0000001833900000] [id=17296]
  0x00000122a5c69300 ConcurrentGCThread "G1 Young RemSet Sampling" [stack: 0x0000001833900000,0x0000001833a00000] [id=2640]

Threads with active compile tasks:

VM state: not at safepoint (normal execution)

VM Mutex/Monitor currently owned by a thread: None

Heap address: 0x00000006a1800000, size: 5608 MB, Compressed Oops mode: Zero based, Oop shift amount: 3
CDS disabled.
Compressed class space mapped at: 0x0000000800000000-0x0000000840000000, size: 1073741824
Narrow klass base: 0x0000000800000000, Narrow klass shift: 0, Narrow klass range: 0x40000000

GC Precious Log:
 CPUs: 8 total, 8 available
 Memory: 22421M
 Large Page Support: Disabled
 NUMA Support: Disabled
 Compressed Oops: Enabled (Zero based)
 Heap Region Size: 4M
 Heap Min Capacity: 8M
 Heap Initial Capacity: 352M
 Heap Max Capacity: 5608M
 Pre-touch: Disabled
 Parallel Workers: 8
 Concurrent Workers: 2
 Concurrent Refinement Workers: 8
 Periodic GC: Disabled

Heap:
 garbage-first heap   total 360448K, used 12288K [0x00000006a1800000, 0x0000000800000000)
  region size 4096K, 4 young (16384K), 0 survivors (0K)
 Metaspace       used 12059K, capacity 12189K, committed 12416K, reserved 1060864K
  class space    used 1081K, capacity 1117K, committed 1152K, reserved 1048576K

Heap Regions: E=young(eden), S=young(survivor), O=old, HS=humongous(starts), HC=humongous(continues), CS=collection set, F=free, OA=open archive, CA=closed archive, TAMS=top-at-mark-start (previous, next)
|   0|0x00000006a1800000, 0x00000006a1800000, 0x00000006a1c00000|  0%| F|  |TAMS 0x00000006a1800000, 0x00000006a1800000| Untracked 
|   1|0x00000006a1c00000, 0x00000006a1c00000, 0x00000006a2000000|  0%| F|  |TAMS 0x00000006a1c00000, 0x00000006a1c00000| Untracked 
|   2|0x00000006a2000000, 0x00000006a2000000, 0x00000006a2400000|  0%| F|  |TAMS 0x00000006a2000000, 0x00000006a2000000| Untracked 
|   3|0x00000006a2400000, 0x00000006a2400000, 0x00000006a2800000|  0%| F|  |TAMS 0x00000006a2400000, 0x00000006a2400000| Untracked 
|   4|0x00000006a2800000, 0x00000006a2800000, 0x00000006a2c00000|  0%| F|  |TAMS 0x00000006a2800000, 0x00000006a2800000| Untracked 
|   5|0x00000006a2c00000, 0x00000006a2c00000, 0x00000006a3000000|  0%| F|  |TAMS 0x00000006a2c00000, 0x00000006a2c00000| Untracked 
|   6|0x00000006a3000000, 0x00000006a3000000, 0x00000006a3400000|  0%| F|  |TAMS 0x00000006a3000000, 0x00000006a3000000| Untracked 
|   7|0x00000006a3400000, 0x00000006a3400000, 0x00000006a3800000|  0%| F|  |TAMS 0x00000006a3400000, 0x00000006a3400000| Untracked 
|   8|0x00000006a3800000, 0x00000006a3800000, 0x00000006a3c00000|  0%| F|  |TAMS 0x00000006a3800000, 0x00000006a3800000| Untracked 
|   9|0x00000006a3c00000, 0x00000006a3c00000, 0x00000006a4000000|  0%| F|  |TAMS 0x00000006a3c00000, 0x00000006a3c00000| Untracked 
|  10|0x00000006a4000000, 0x00000006a4000000, 0x00000006a4400000|  0%| F|  |TAMS 0x00000006a4000000, 0x00000006a4000000| Untracked 
|  11|0x00000006a4400000, 0x00000006a4400000, 0x00000006a4800000|  0%| F|  |TAMS 0x00000006a4400000, 0x00000006a4400000| Untracked 
|  12|0x00000006a4800000, 0x00000006a4800000, 0x00000006a4c00000|  0%| F|  |TAMS 0x00000006a4800000, 0x00000006a4800000| Untracked 
|  13|0x00000006a4c00000, 0x00000006a4c00000, 0x00000006a5000000|  0%| F|  |TAMS 0x00000006a4c00000, 0x00000006a4c00000| Untracked 
|  14|0x00000006a5000000, 0x00000006a5000000, 0x00000006a5400000|  0%| F|  |TAMS 0x00000006a5000000, 0x00000006a5000000| Untracked 
|  15|0x00000006a5400000, 0x00000006a5400000, 0x00000006a5800000|  0%| F|  |TAMS 0x00000006a5400000, 0x00000006a5400000| Untracked 
|  16|0x00000006a5800000, 0x00000006a5800000, 0x00000006a5c00000|  0%| F|  |TAMS 0x00000006a5800000, 0x00000006a5800000| Untracked 
|  17|0x00000006a5c00000, 0x00000006a5c00000, 0x00000006a6000000|  0%| F|  |TAMS 0x00000006a5c00000, 0x00000006a5c00000| Untracked 
|  18|0x00000006a6000000, 0x00000006a6000000, 0x00000006a6400000|  0%| F|  |TAMS 0x00000006a6000000, 0x00000006a6000000| Untracked 
|  19|0x00000006a6400000, 0x00000006a6400000, 0x00000006a6800000|  0%| F|  |TAMS 0x00000006a6400000, 0x00000006a6400000| Untracked 
|  20|0x00000006a6800000, 0x00000006a6800000, 0x00000006a6c00000|  0%| F|  |TAMS 0x00000006a6800000, 0x00000006a6800000| Untracked 
|  21|0x00000006a6c00000, 0x00000006a6c00000, 0x00000006a7000000|  0%| F|  |TAMS 0x00000006a6c00000, 0x00000006a6c00000| Untracked 
|  22|0x00000006a7000000, 0x00000006a7000000, 0x00000006a7400000|  0%| F|  |TAMS 0x00000006a7000000, 0x00000006a7000000| Untracked 
|  23|0x00000006a7400000, 0x00000006a7400000, 0x00000006a7800000|  0%| F|  |TAMS 0x00000006a7400000, 0x00000006a7400000| Untracked 
|  24|0x00000006a7800000, 0x00000006a7800000, 0x00000006a7c00000|  0%| F|  |TAMS 0x00000006a7800000, 0x00000006a7800000| Untracked 
|  25|0x00000006a7c00000, 0x00000006a7c00000, 0x00000006a8000000|  0%| F|  |TAMS 0x00000006a7c00000, 0x00000006a7c00000| Untracked 
|  26|0x00000006a8000000, 0x00000006a8000000, 0x00000006a8400000|  0%| F|  |TAMS 0x00000006a8000000, 0x00000006a8000000| Untracked 
|  27|0x00000006a8400000, 0x00000006a8400000, 0x00000006a8800000|  0%| F|  |TAMS 0x00000006a8400000, 0x00000006a8400000| Untracked 
|  28|0x00000006a8800000, 0x00000006a8800000, 0x00000006a8c00000|  0%| F|  |TAMS 0x00000006a8800000, 0x00000006a8800000| Untracked 
|  29|0x00000006a8c00000, 0x00000006a8c00000, 0x00000006a9000000|  0%| F|  |TAMS 0x00000006a8c00000, 0x00000006a8c00000| Untracked 
|  30|0x00000006a9000000, 0x00000006a9000000, 0x00000006a9400000|  0%| F|  |TAMS 0x00000006a9000000, 0x00000006a9000000| Untracked 
|  31|0x00000006a9400000, 0x00000006a9400000, 0x00000006a9800000|  0%| F|  |TAMS 0x00000006a9400000, 0x00000006a9400000| Untracked 
|  32|0x00000006a9800000, 0x00000006a9800000, 0x00000006a9c00000|  0%| F|  |TAMS 0x00000006a9800000, 0x00000006a9800000| Untracked 
|  33|0x00000006a9c00000, 0x00000006a9c00000, 0x00000006aa000000|  0%| F|  |TAMS 0x00000006a9c00000, 0x00000006a9c00000| Untracked 
|  34|0x00000006aa000000, 0x00000006aa000000, 0x00000006aa400000|  0%| F|  |TAMS 0x00000006aa000000, 0x00000006aa000000| Untracked 
|  35|0x00000006aa400000, 0x00000006aa400000, 0x00000006aa800000|  0%| F|  |TAMS 0x00000006aa400000, 0x00000006aa400000| Untracked 
|  36|0x00000006aa800000, 0x00000006aa800000, 0x00000006aac00000|  0%| F|  |TAMS 0x00000006aa800000, 0x00000006aa800000| Untracked 
|  37|0x00000006aac00000, 0x00000006aac00000, 0x00000006ab000000|  0%| F|  |TAMS 0x00000006aac00000, 0x00000006aac00000| Untracked 
|  38|0x00000006ab000000, 0x00000006ab000000, 0x00000006ab400000|  0%| F|  |TAMS 0x00000006ab000000, 0x00000006ab000000| Untracked 
|  39|0x00000006ab400000, 0x00000006ab400000, 0x00000006ab800000|  0%| F|  |TAMS 0x00000006ab400000, 0x00000006ab400000| Untracked 
|  40|0x00000006ab800000, 0x00000006ab800000, 0x00000006abc00000|  0%| F|  |TAMS 0x00000006ab800000, 0x00000006ab800000| Untracked 
|  41|0x00000006abc00000, 0x00000006abc00000, 0x00000006ac000000|  0%| F|  |TAMS 0x00000006abc00000, 0x00000006abc00000| Untracked 
|  42|0x00000006ac000000, 0x00000006ac000000, 0x00000006ac400000|  0%| F|  |TAMS 0x00000006ac000000, 0x00000006ac000000| Untracked 
|  43|0x00000006ac400000, 0x00000006ac400000, 0x00000006ac800000|  0%| F|  |TAMS 0x00000006ac400000, 0x00000006ac400000| Untracked 
|  44|0x00000006ac800000, 0x00000006ac800000, 0x00000006acc00000|  0%| F|  |TAMS 0x00000006ac800000, 0x00000006ac800000| Untracked 
|  45|0x00000006acc00000, 0x00000006acc00000, 0x00000006ad000000|  0%| F|  |TAMS 0x00000006acc00000, 0x00000006acc00000| Untracked 
|  46|0x00000006ad000000, 0x00000006ad000000, 0x00000006ad400000|  0%| F|  |TAMS 0x00000006ad000000, 0x00000006ad000000| Untracked 
|  47|0x00000006ad400000, 0x00000006ad400000, 0x00000006ad800000|  0%| F|  |TAMS 0x00000006ad400000, 0x00000006ad400000| Untracked 
|  48|0x00000006ad800000, 0x00000006ad800000, 0x00000006adc00000|  0%| F|  |TAMS 0x00000006ad800000, 0x00000006ad800000| Untracked 
|  49|0x00000006adc00000, 0x00000006adc00000, 0x00000006ae000000|  0%| F|  |TAMS 0x00000006adc00000, 0x00000006adc00000| Untracked 
|  50|0x00000006ae000000, 0x00000006ae000000, 0x00000006ae400000|  0%| F|  |TAMS 0x00000006ae000000, 0x00000006ae000000| Untracked 
|  51|0x00000006ae400000, 0x00000006ae400000, 0x00000006ae800000|  0%| F|  |TAMS 0x00000006ae400000, 0x00000006ae400000| Untracked 
|  52|0x00000006ae800000, 0x00000006ae800000, 0x00000006aec00000|  0%| F|  |TAMS 0x00000006ae800000, 0x00000006ae800000| Untracked 
|  53|0x00000006aec00000, 0x00000006aec00000, 0x00000006af000000|  0%| F|  |TAMS 0x00000006aec00000, 0x00000006aec00000| Untracked 
|  54|0x00000006af000000, 0x00000006af000000, 0x00000006af400000|  0%| F|  |TAMS 0x00000006af000000, 0x00000006af000000| Untracked 
|  55|0x00000006af400000, 0x00000006af400000, 0x00000006af800000|  0%| F|  |TAMS 0x00000006af400000, 0x00000006af400000| Untracked 
|  56|0x00000006af800000, 0x00000006af800000, 0x00000006afc00000|  0%| F|  |TAMS 0x00000006af800000, 0x00000006af800000| Untracked 
|  57|0x00000006afc00000, 0x00000006afc00000, 0x00000006b0000000|  0%| F|  |TAMS 0x00000006afc00000, 0x00000006afc00000| Untracked 
|  58|0x00000006b0000000, 0x00000006b0000000, 0x00000006b0400000|  0%| F|  |TAMS 0x00000006b0000000, 0x00000006b0000000| Untracked 
|  59|0x00000006b0400000, 0x00000006b0400000, 0x00000006b0800000|  0%| F|  |TAMS 0x00000006b0400000, 0x00000006b0400000| Untracked 
|  60|0x00000006b0800000, 0x00000006b0800000, 0x00000006b0c00000|  0%| F|  |TAMS 0x00000006b0800000, 0x00000006b0800000| Untracked 
|  61|0x00000006b0c00000, 0x00000006b0c00000, 0x00000006b1000000|  0%| F|  |TAMS 0x00000006b0c00000, 0x00000006b0c00000| Untracked 
|  62|0x00000006b1000000, 0x00000006b1000000, 0x00000006b1400000|  0%| F|  |TAMS 0x00000006b1000000, 0x00000006b1000000| Untracked 
|  63|0x00000006b1400000, 0x00000006b1400000, 0x00000006b1800000|  0%| F|  |TAMS 0x00000006b1400000, 0x00000006b1400000| Untracked 
|  64|0x00000006b1800000, 0x00000006b1800000, 0x00000006b1c00000|  0%| F|  |TAMS 0x00000006b1800000, 0x00000006b1800000| Untracked 
|  65|0x00000006b1c00000, 0x00000006b1c00000, 0x00000006b2000000|  0%| F|  |TAMS 0x00000006b1c00000, 0x00000006b1c00000| Untracked 
|  66|0x00000006b2000000, 0x00000006b2000000, 0x00000006b2400000|  0%| F|  |TAMS 0x00000006b2000000, 0x00000006b2000000| Untracked 
|  67|0x00000006b2400000, 0x00000006b2400000, 0x00000006b2800000|  0%| F|  |TAMS 0x00000006b2400000, 0x00000006b2400000| Untracked 
|  68|0x00000006b2800000, 0x00000006b2800000, 0x00000006b2c00000|  0%| F|  |TAMS 0x00000006b2800000, 0x00000006b2800000| Untracked 
|  69|0x00000006b2c00000, 0x00000006b2c00000, 0x00000006b3000000|  0%| F|  |TAMS 0x00000006b2c00000, 0x00000006b2c00000| Untracked 
|  70|0x00000006b3000000, 0x00000006b3000000, 0x00000006b3400000|  0%| F|  |TAMS 0x00000006b3000000, 0x00000006b3000000| Untracked 
|  71|0x00000006b3400000, 0x00000006b3400000, 0x00000006b3800000|  0%| F|  |TAMS 0x00000006b3400000, 0x00000006b3400000| Untracked 
|  72|0x00000006b3800000, 0x00000006b3800000, 0x00000006b3c00000|  0%| F|  |TAMS 0x00000006b3800000, 0x00000006b3800000| Untracked 
|  73|0x00000006b3c00000, 0x00000006b3c00000, 0x00000006b4000000|  0%| F|  |TAMS 0x00000006b3c00000, 0x00000006b3c00000| Untracked 
|  74|0x00000006b4000000, 0x00000006b4000000, 0x00000006b4400000|  0%| F|  |TAMS 0x00000006b4000000, 0x00000006b4000000| Untracked 
|  75|0x00000006b4400000, 0x00000006b4400000, 0x00000006b4800000|  0%| F|  |TAMS 0x00000006b4400000, 0x00000006b4400000| Untracked 
|  76|0x00000006b4800000, 0x00000006b4800000, 0x00000006b4c00000|  0%| F|  |TAMS 0x00000006b4800000, 0x00000006b4800000| Untracked 
|  77|0x00000006b4c00000, 0x00000006b4c00000, 0x00000006b5000000|  0%| F|  |TAMS 0x00000006b4c00000, 0x00000006b4c00000| Untracked 
|  78|0x00000006b5000000, 0x00000006b5000000, 0x00000006b5400000|  0%| F|  |TAMS 0x00000006b5000000, 0x00000006b5000000| Untracked 
|  79|0x00000006b5400000, 0x00000006b5400000, 0x00000006b5800000|  0%| F|  |TAMS 0x00000006b5400000, 0x00000006b5400000| Untracked 
|  80|0x00000006b5800000, 0x00000006b5800000, 0x00000006b5c00000|  0%| F|  |TAMS 0x00000006b5800000, 0x00000006b5800000| Untracked 
|  81|0x00000006b5c00000, 0x00000006b5c00000, 0x00000006b6000000|  0%| F|  |TAMS 0x00000006b5c00000, 0x00000006b5c00000| Untracked 
|  82|0x00000006b6000000, 0x00000006b6000000, 0x00000006b6400000|  0%| F|  |TAMS 0x00000006b6000000, 0x00000006b6000000| Untracked 
|  83|0x00000006b6400000, 0x00000006b6400000, 0x00000006b6800000|  0%| F|  |TAMS 0x00000006b6400000, 0x00000006b6400000| Untracked 
|  84|0x00000006b6800000, 0x00000006b6a05a38, 0x00000006b6c00000| 50%| E|  |TAMS 0x00000006b6800000, 0x00000006b6800000| Complete 
|  85|0x00000006b6c00000, 0x00000006b7000000, 0x00000006b7000000|100%| E|CS|TAMS 0x00000006b6c00000, 0x00000006b6c00000| Complete 
|  86|0x00000006b7000000, 0x00000006b7400000, 0x00000006b7400000|100%| E|CS|TAMS 0x00000006b7000000, 0x00000006b7000000| Complete 
|  87|0x00000006b7400000, 0x00000006b7800000, 0x00000006b7800000|100%| E|CS|TAMS 0x00000006b7400000, 0x00000006b7400000| Complete 

Card table byte_map: [0x0000012296e40000,0x0000012297940000] _byte_map_base: 0x0000012293934000

Marking Bits (Prev, Next): (CMBitMap*) 0x00000122836533e0, (CMBitMap*) 0x0000012283653420
 Prev Bits: [0x0000012298440000, 0x000001229dbe0000)
 Next Bits: [0x000001229dbe0000, 0x00000122a3380000)

Polling page: 0x0000012282dd0000

Metaspace:

Usage:
  Non-class:     10.81 MB capacity,    10.72 MB (>99%) used,    84.98 KB ( <1%) free+waste,     8.56 KB ( <1%) overhead. 
      Class:      1.09 MB capacity,     1.06 MB ( 97%) used,    32.92 KB (  3%) free+waste,     2.62 KB ( <1%) overhead. 
       Both:     11.90 MB capacity,    11.78 MB ( 99%) used,   117.90 KB ( <1%) free+waste,    11.19 KB ( <1%) overhead. 

Virtual space:
  Non-class space:       12.00 MB reserved,      11.00 MB ( 92%) committed 
      Class space:        1.00 GB reserved,       1.12 MB ( <1%) committed 
             Both:        1.01 GB reserved,      12.12 MB (  1%) committed 

Chunk freelists:
   Non-Class:  0 bytes
       Class:  3.00 KB
        Both:  3.00 KB

MaxMetaspaceSize: 17179869184.00 GB
CompressedClassSpaceSize: 1.00 GB

CodeHeap 'non-profiled nmethods': size=120000Kb used=249Kb max_used=249Kb free=119750Kb
 bounds [0x000001228eae0000, 0x000001228ed50000, 0x0000012296010000]
CodeHeap 'profiled nmethods': size=120000Kb used=1374Kb max_used=1374Kb free=118625Kb
 bounds [0x00000122875b0000, 0x0000012287820000, 0x000001228eae0000]
CodeHeap 'non-nmethods': size=5760Kb used=1237Kb max_used=1251Kb free=4522Kb
 bounds [0x0000012287010000, 0x0000012287280000, 0x00000122875b0000]
 total_blobs=1176 nmethods=774 adapters=315
 compilation: enabled
              stopped_count=0, restarted_count=0
 full_count=0

Compilation events (20 events):
Event: 0.874 Thread 0x00000122a66ce130  765       3       java.lang.String::substring (10 bytes)
Event: 0.874 Thread 0x00000122a66ce130 nmethod 765 0x0000012287701b90 code [0x0000012287701d40, 0x0000012287701f88]
Event: 0.875 Thread 0x00000122a66ce130  766       3       java.util.jar.Manifest::getAttributes (14 bytes)
Event: 0.875 Thread 0x00000122a66ce130 nmethod 766 0x0000012287702090 code [0x0000012287702240, 0x0000012287702548]
Event: 0.876 Thread 0x00000122a66ce130  767       3       org.eclipse.jdt.launching.internal.org.objectweb.asm.AnnotationWriter::putAnnotations (67 bytes)
Event: 0.877 Thread 0x00000122a66ce130 nmethod 767 0x0000012287702690 code [0x00000122877028c0, 0x0000012287702cf8]
Event: 0.877 Thread 0x00000122a66ce130  768       3       java.lang.ref.PhantomReference::<init> (7 bytes)
Event: 0.877 Thread 0x00000122a66ce130 nmethod 768 0x0000012287703010 code [0x00000122877031c0, 0x0000012287703498]
Event: 0.879 Thread 0x00000122a66c5770  769       4       java.util.concurrent.ConcurrentHashMap::setTabAt (20 bytes)
Event: 0.879 Thread 0x00000122a66ce130  770       3       jdk.internal.ref.PhantomCleanable::<init> (49 bytes)
Event: 0.880 Thread 0x00000122a66ce130 nmethod 770 0x0000012287703590 code [0x00000122877037e0, 0x0000012287704338]
Event: 0.880 Thread 0x00000122a66ce130  771   !   3       jdk.internal.ref.PhantomCleanable::insert (53 bytes)
Event: 0.880 Thread 0x00000122a66ce130 nmethod 771 0x0000012287704690 code [0x0000012287704840, 0x0000012287704bf8]
Event: 0.880 Thread 0x00000122a66ce130  772       3       jdk.internal.ref.CleanerFactory::cleaner (4 bytes)
Event: 0.880 Thread 0x00000122a66ce130 nmethod 772 0x0000012287704d90 code [0x0000012287704f20, 0x0000012287705018]
Event: 0.881 Thread 0x00000122a66c5770 nmethod 769 0x000001228eb1e310 code [0x000001228eb1e480, 0x000001228eb1e598]
Event: 0.882 Thread 0x00000122a66ce130  773   !   3       java.util.zip.ZipFile$Source::getEntryPos (174 bytes)
Event: 0.883 Thread 0x00000122a66ce130 nmethod 773 0x0000012287705090 code [0x0000012287705380, 0x0000012287706408]
Event: 0.883 Thread 0x00000122a66ce130  774       3       java.util.zip.ZipCoder::normalizedHash (36 bytes)
Event: 0.884 Thread 0x00000122a66ce130 nmethod 774 0x0000012287706e90 code [0x00000122877070c0, 0x0000012287707808]

GC Heap History (0 events):
No events

Deoptimization events (20 events):
Event: 0.581 Thread 0x00000122835f8840 DEOPT PACKING pc=0x00000122876286ed sp=0x00000018334f7e80
Event: 0.581 Thread 0x00000122835f8840 DEOPT UNPACKING pc=0x000001228705e23f sp=0x00000018334f7348 mode 0
Event: 0.656 Thread 0x00000122835f8840 DEOPT PACKING pc=0x00000122876316f3 sp=0x00000018334fe130
Event: 0.656 Thread 0x00000122835f8840 DEOPT UNPACKING pc=0x000001228705e23f sp=0x00000018334fd590 mode 0
Event: 0.827 Thread 0x00000122835f8840 Uncommon trap: trap_request=0xffffff45 fr.pc=0x000001228eb05ccc relative=0x00000000000003ac
Event: 0.827 Thread 0x00000122835f8840 Uncommon trap: reason=unstable_if action=reinterpret pc=0x000001228eb05ccc method=java.lang.StringLatin1.indexOf([BI[BII)I @ 80 c2
Event: 0.827 Thread 0x00000122835f8840 DEOPT PACKING pc=0x000001228eb05ccc sp=0x00000018334fd330
Event: 0.827 Thread 0x00000122835f8840 DEOPT UNPACKING pc=0x000001228705e42f sp=0x00000018334fd2a0 mode 2
Event: 0.839 Thread 0x00000122835f8840 Uncommon trap: trap_request=0xffffff45 fr.pc=0x000001228eaf185c relative=0x000000000000005c
Event: 0.839 Thread 0x00000122835f8840 Uncommon trap: reason=unstable_if action=reinterpret pc=0x000001228eaf185c method=java.lang.String.isLatin1()Z @ 10 c2
Event: 0.839 Thread 0x00000122835f8840 DEOPT PACKING pc=0x000001228eaf185c sp=0x00000018334fd850
Event: 0.839 Thread 0x00000122835f8840 DEOPT UNPACKING pc=0x000001228705e42f sp=0x00000018334fd7f0 mode 2
Event: 0.839 Thread 0x00000122835f8840 Uncommon trap: trap_request=0xffffff45 fr.pc=0x000001228eaf3dc4 relative=0x0000000000000044
Event: 0.839 Thread 0x00000122835f8840 Uncommon trap: reason=unstable_if action=reinterpret pc=0x000001228eaf3dc4 method=java.lang.CharacterData.of(I)Ljava/lang/CharacterData; @ 4 c2
Event: 0.839 Thread 0x00000122835f8840 DEOPT PACKING pc=0x000001228eaf3dc4 sp=0x00000018334fd380
Event: 0.839 Thread 0x00000122835f8840 DEOPT UNPACKING pc=0x000001228705e42f sp=0x00000018334fd320 mode 2
Event: 0.851 Thread 0x00000122835f8840 DEOPT PACKING pc=0x00000122876e9cf3 sp=0x00000018334f9fc0
Event: 0.851 Thread 0x00000122835f8840 DEOPT UNPACKING pc=0x000001228705e23f sp=0x00000018334f9420 mode 0
Event: 0.878 Thread 0x00000122835f8840 DEOPT PACKING pc=0x00000122876e9cf3 sp=0x00000018334fda40
Event: 0.878 Thread 0x00000122835f8840 DEOPT UNPACKING pc=0x000001228705e23f sp=0x00000018334fcea0 mode 0

Classes unloaded (0 events):
No events

Classes redefined (5 events):
Event: 503.488 Thread 0x00000122a6642b50 redefined class name=nz.ac.auckland.softeng281.a4.GraphTest$GraphUnitTest, count=1
Event: 503.488 Thread 0x00000122a6642b50 redefined class name=nz.ac.auckland.softeng281.a4.GraphTest, count=1
Event: 556.197 Thread 0x00000122a6642b50 redefined class name=nz.ac.auckland.softeng281.a4.Graph, count=1
Event: 732.782 Thread 0x00000122a6642b50 redefined class name=nz.ac.auckland.softeng281.a4.Graph, count=2
Event: 746.157 Thread 0x00000122a6642b50 redefined class name=nz.ac.auckland.softeng281.a4.Graph, count=3

Internal exceptions (7 events):
Event: 0.382 Thread 0x00000122835f8840 Exception <a 'java/lang/NoSuchMethodError'{0x00000006b7677090}: 'void java.lang.invoke.DirectMethodHandle$Holder.invokeStatic(java.lang.Object, java.lang.Object)'> (0x00000006b7677090) 
thrown [./open/src/hotspot/share/interpreter/linkResolver.cpp, line 782]
Event: 0.383 Thread 0x00000122835f8840 Exception <a 'java/lang/NoSuchMethodError'{0x00000006b767ad38}: 'void java.lang.invoke.DirectMethodHandle$Holder.invokeStaticInit(java.lang.Object, java.lang.Object)'> (0x00000006b767ad38) 
thrown [./open/src/hotspot/share/interpreter/linkResolver.cpp, line 782]
Event: 0.519 Thread 0x00000122835f8840 Exception <a 'java/lang/NoSuchMethodError'{0x00000006b705faf0}: 'java.lang.Object java.lang.invoke.DirectMethodHandle$Holder.invokeStatic(java.lang.Object)'> (0x00000006b705faf0) 
thrown [./open/src/hotspot/share/interpreter/linkResolver.cpp, line 782]
Event: 0.640 Thread 0x00000122835f8840 Exception <a 'java/lang/NoSuchMethodError'{0x00000006b7228e60}: 'java.lang.Object java.lang.invoke.DirectMethodHandle$Holder.invokeStaticInit(java.lang.Object)'> (0x00000006b7228e60) 
thrown [./open/src/hotspot/share/interpreter/linkResolver.cpp, line 782]
Event: 0.765 Thread 0x00000122835f8840 Exception <a 'java/lang/NoSuchMethodError'{0x00000006b6e34bd0}: 'java.lang.Object java.lang.invoke.DirectMethodHandle$Holder.invokeInterface(java.lang.Object, java.lang.Object)'> (0x00000006b6e34bd0) 
thrown [./open/src/hotspot/share/interpreter/linkResolver.cpp, line 782]
Event: 0.765 Thread 0x00000122835f8840 Exception <a 'java/lang/IncompatibleClassChangeError'{0x00000006b6e385c8}: Found class java.lang.Object, but interface was expected> (0x00000006b6e385c8) 
thrown [./open/src/hotspot/share/interpreter/linkResolver.cpp, line 848]
Event: 0.791 Thread 0x00000122835f8840 Exception <a 'java/lang/NoSuchMethodError'{0x00000006b6eec6c8}: 'java.lang.Object java.lang.invoke.DirectMethodHandle$Holder.newInvokeSpecial(java.lang.Object, java.lang.Object, java.lang.Object, java.lang.Object, java.lang.Object)'> (0x00000006b6eec6c8) 
thrown [./open/src/hotspot/share/interpreter/linkResolver.cpp, line 782]

Events (20 events):
Event: 746.179 Executing VM operation: ChangeBreakpoints
Event: 746.179 Executing VM operation: ChangeBreakpoints done
Event: 746.180 Executing VM operation: ChangeBreakpoints
Event: 746.181 Executing VM operation: ChangeBreakpoints done
Event: 746.185 Executing VM operation: ChangeBreakpoints
Event: 746.186 Executing VM operation: ChangeBreakpoints done
Event: 746.190 Executing VM operation: ChangeBreakpoints
Event: 746.190 Executing VM operation: ChangeBreakpoints done
Event: 746.194 Executing VM operation: ChangeBreakpoints
Event: 746.194 Executing VM operation: ChangeBreakpoints done
Event: 746.197 Executing VM operation: GetFrameCount
Event: 746.197 Executing VM operation: GetFrameCount done
Event: 746.197 Executing VM operation: GetStackTrace
Event: 746.197 Executing VM operation: GetStackTrace done
Event: 746.269 Executing VM operation: GetFrameCount
Event: 746.269 Executing VM operation: GetFrameCount done
Event: 756.698 Executing VM operation: GetFrameCount
Event: 756.699 Executing VM operation: GetFrameCount done
Event: 756.732 Executing VM operation: GetFrameLocation
Event: 756.732 Executing VM operation: GetFrameLocation done


Dynamic libraries:
0x00007ff658fc0000 - 0x00007ff658fcd000 	C:\Users\Aashish\.p2\pool\plugins\org.eclipse.justj.openjdk.hotspot.jre.full.win32.x86_64_15.0.2.v20210201-0955\jre\bin\javaw.exe
0x00007ffd80550000 - 0x00007ffd80745000 	C:\WINDOWS\SYSTEM32\ntdll.dll
0x00007ffd7f680000 - 0x00007ffd7f73d000 	C:\WINDOWS\System32\KERNEL32.DLL
0x00007ffd7e180000 - 0x00007ffd7e448000 	C:\WINDOWS\System32\KERNELBASE.dll
0x00007ffd7dc90000 - 0x00007ffd7dd90000 	C:\WINDOWS\System32\ucrtbase.dll
0x00007ffd6f690000 - 0x00007ffd6f6a9000 	C:\Users\Aashish\.p2\pool\plugins\org.eclipse.justj.openjdk.hotspot.jre.full.win32.x86_64_15.0.2.v20210201-0955\jre\bin\VCRUNTIME140.dll
0x00007ffd75ad0000 - 0x00007ffd75ae8000 	C:\Users\Aashish\.p2\pool\plugins\org.eclipse.justj.openjdk.hotspot.jre.full.win32.x86_64_15.0.2.v20210201-0955\jre\bin\jli.dll
0x00007ffd7f340000 - 0x00007ffd7f4e0000 	C:\WINDOWS\System32\USER32.dll
0x00007ffd62550000 - 0x00007ffd627ea000 	C:\WINDOWS\WinSxS\amd64_microsoft.windows.common-controls_6595b64144ccf1df_6.0.19041.844_none_ca00b6081b84eb1d\COMCTL32.dll
0x00007ffd7f2a0000 - 0x00007ffd7f33e000 	C:\WINDOWS\System32\msvcrt.dll
0x00007ffd7e060000 - 0x00007ffd7e082000 	C:\WINDOWS\System32\win32u.dll
0x00007ffd7f1e0000 - 0x00007ffd7f20a000 	C:\WINDOWS\System32\GDI32.dll
0x00007ffd7dd90000 - 0x00007ffd7de9b000 	C:\WINDOWS\System32\gdi32full.dll
0x00007ffd7e090000 - 0x00007ffd7e12d000 	C:\WINDOWS\System32\msvcp_win.dll
0x00007ffd7e5b0000 - 0x00007ffd7e5e0000 	C:\WINDOWS\System32\IMM32.DLL
0x00007ffd79520000 - 0x00007ffd7952c000 	C:\Users\Aashish\.p2\pool\plugins\org.eclipse.justj.openjdk.hotspot.jre.full.win32.x86_64_15.0.2.v20210201-0955\jre\bin\vcruntime140_1.dll
0x00007ffd6ec90000 - 0x00007ffd6ed21000 	C:\Users\Aashish\.p2\pool\plugins\org.eclipse.justj.openjdk.hotspot.jre.full.win32.x86_64_15.0.2.v20210201-0955\jre\bin\msvcp140.dll
0x00007ffd43530000 - 0x00007ffd4408e000 	C:\Users\Aashish\.p2\pool\plugins\org.eclipse.justj.openjdk.hotspot.jre.full.win32.x86_64_15.0.2.v20210201-0955\jre\bin\server\jvm.dll
0x00007ffd7e600000 - 0x00007ffd7e6ac000 	C:\WINDOWS\System32\ADVAPI32.dll
0x00007ffd7ef80000 - 0x00007ffd7f01b000 	C:\WINDOWS\System32\sechost.dll
0x00007ffd803e0000 - 0x00007ffd8050b000 	C:\WINDOWS\System32\RPCRT4.dll
0x00007ffd7e6b0000 - 0x00007ffd7e6b8000 	C:\WINDOWS\System32\PSAPI.DLL
0x00007ffd79570000 - 0x00007ffd79579000 	C:\WINDOWS\SYSTEM32\WSOCK32.dll
0x00007ffd72cb0000 - 0x00007ffd72cd7000 	C:\WINDOWS\SYSTEM32\WINMM.dll
0x00007ffd7f610000 - 0x00007ffd7f67b000 	C:\WINDOWS\System32\WS2_32.dll
0x00007ffd72d80000 - 0x00007ffd72d8a000 	C:\WINDOWS\SYSTEM32\VERSION.dll
0x00007ffd7c560000 - 0x00007ffd7c572000 	C:\WINDOWS\SYSTEM32\kernel.appcore.dll
0x00007ffd75c00000 - 0x00007ffd75c0a000 	C:\Users\Aashish\.p2\pool\plugins\org.eclipse.justj.openjdk.hotspot.jre.full.win32.x86_64_15.0.2.v20210201-0955\jre\bin\jimage.dll
0x00007ffd75170000 - 0x00007ffd75354000 	C:\WINDOWS\SYSTEM32\DBGHELP.DLL
0x00007ffd63a30000 - 0x00007ffd63a5c000 	C:\WINDOWS\SYSTEM32\dbgcore.DLL
0x00007ffd7e530000 - 0x00007ffd7e5b0000 	C:\WINDOWS\System32\bcryptPrimitives.dll
0x00007ffd6f560000 - 0x00007ffd6f599000 	C:\Users\Aashish\.p2\pool\plugins\org.eclipse.justj.openjdk.hotspot.jre.full.win32.x86_64_15.0.2.v20210201-0955\jre\bin\jdwp.dll
0x00007ffd79500000 - 0x00007ffd7950e000 	C:\Users\Aashish\.p2\pool\plugins\org.eclipse.justj.openjdk.hotspot.jre.full.win32.x86_64_15.0.2.v20210201-0955\jre\bin\instrument.dll
0x00007ffd6eb10000 - 0x00007ffd6eb35000 	C:\Users\Aashish\.p2\pool\plugins\org.eclipse.justj.openjdk.hotspot.jre.full.win32.x86_64_15.0.2.v20210201-0955\jre\bin\java.dll
0x00007ffd6eaf0000 - 0x00007ffd6eb08000 	C:\Users\Aashish\.p2\pool\plugins\org.eclipse.justj.openjdk.hotspot.jre.full.win32.x86_64_15.0.2.v20210201-0955\jre\bin\zip.dll
0x00007ffd7f8d0000 - 0x00007ffd80012000 	C:\WINDOWS\System32\SHELL32.dll
0x00007ffd7bdc0000 - 0x00007ffd7c550000 	C:\WINDOWS\SYSTEM32\windows.storage.dll
0x00007ffd80080000 - 0x00007ffd803d5000 	C:\WINDOWS\System32\combase.dll
0x00007ffd7d630000 - 0x00007ffd7d65c000 	C:\WINDOWS\SYSTEM32\Wldp.dll
0x00007ffd7f560000 - 0x00007ffd7f60e000 	C:\WINDOWS\System32\SHCORE.dll
0x00007ffd80020000 - 0x00007ffd80075000 	C:\WINDOWS\System32\shlwapi.dll
0x00007ffd7dbd0000 - 0x00007ffd7dbef000 	C:\WINDOWS\SYSTEM32\profapi.dll
0x00007ffd77fb0000 - 0x00007ffd77fbb000 	C:\Users\Aashish\.p2\pool\plugins\org.eclipse.justj.openjdk.hotspot.jre.full.win32.x86_64_15.0.2.v20210201-0955\jre\bin\dt_socket.dll
0x00007ffd7d090000 - 0x00007ffd7d0cb000 	C:\WINDOWS\SYSTEM32\IPHLPAPI.DLL
0x00007ffd7d3a0000 - 0x00007ffd7d40a000 	C:\WINDOWS\system32\mswsock.dll
0x00007ffd7d0d0000 - 0x00007ffd7d19c000 	C:\WINDOWS\SYSTEM32\DNSAPI.dll
0x00007ffd7ea20000 - 0x00007ffd7ea28000 	C:\WINDOWS\System32\NSI.dll
0x00007ffd760f0000 - 0x00007ffd760fa000 	C:\Windows\System32\rasadhlp.dll
0x00007ffd6f890000 - 0x00007ffd6f90f000 	C:\WINDOWS\System32\fwpuclnt.dll
0x00007ffd7e450000 - 0x00007ffd7e477000 	C:\WINDOWS\System32\bcrypt.dll
0x00007ffd6ea40000 - 0x00007ffd6ea59000 	C:\Users\Aashish\.p2\pool\plugins\org.eclipse.justj.openjdk.hotspot.jre.full.win32.x86_64_15.0.2.v20210201-0955\jre\bin\net.dll
0x00007ffd6f970000 - 0x00007ffd6fa7b000 	C:\WINDOWS\SYSTEM32\WINHTTP.dll
0x00007ffd6ea20000 - 0x00007ffd6ea32000 	C:\Users\Aashish\.p2\pool\plugins\org.eclipse.justj.openjdk.hotspot.jre.full.win32.x86_64_15.0.2.v20210201-0955\jre\bin\nio.dll
0x00007ffd6f550000 - 0x00007ffd6f560000 	C:\Users\Aashish\.p2\pool\plugins\org.eclipse.justj.openjdk.hotspot.jre.full.win32.x86_64_15.0.2.v20210201-0955\jre\bin\verify.dll
0x00007ffd72ce0000 - 0x00007ffd72cf7000 	C:\WINDOWS\SYSTEM32\dhcpcsvc6.DLL
0x00007ffd73000000 - 0x00007ffd7301d000 	C:\WINDOWS\SYSTEM32\dhcpcsvc.DLL

dbghelp: loaded successfully - version: 4.0.5 - missing functions: none
symbol engine: initialized successfully - sym options: 0x614 - pdb path: .;C:\Users\Aashish\.p2\pool\plugins\org.eclipse.justj.openjdk.hotspot.jre.full.win32.x86_64_15.0.2.v20210201-0955\jre\bin;C:\WINDOWS\SYSTEM32;C:\WINDOWS\WinSxS\amd64_microsoft.windows.common-controls_6595b64144ccf1df_6.0.19041.844_none_ca00b6081b84eb1d;C:\Users\Aashish\.p2\pool\plugins\org.eclipse.justj.openjdk.hotspot.jre.full.win32.x86_64_15.0.2.v20210201-0955\jre\bin\server

VM Arguments:
jvm_args: -XX:+ShowCodeDetailsInExceptionMessages -agentlib:jdwp=transport=dt_socket,suspend=y,address=localhost:52176 -ea -javaagent:C:\Users\Aashish\eclipse\java-2020-12\eclipse\configuration\org.eclipse.osgi\220\0\.cp\lib\javaagent-shaded.jar -Dfile.encoding=Cp1252 
java_command: org.eclipse.jdt.internal.junit.runner.RemoteTestRunner -version 3 -port 52175 -testLoaderClass org.eclipse.jdt.internal.junit4.runner.JUnit4TestLoader -loaderpluginname org.eclipse.jdt.junit4.runtime -classNames nz.ac.auckland.softeng281.a4.GraphTest
java_class_path (initial): D:\EngineeringPart2\SOFTENG281\assignment-4-asin819\bin;D:\EngineeringPart2\SOFTENG281\assignment-4-asin819\lib\hamcrest-core-1.3.jar;D:\EngineeringPart2\SOFTENG281\assignment-4-asin819\lib\junit-4.13.1.jar;C:\Users\Aashish\eclipse\java-2020-12\eclipse\configuration\org.eclipse.osgi\218\0\.cp;C:\Users\Aashish\eclipse\java-2020-12\eclipse\configuration\org.eclipse.osgi\217\0\.cp
Launcher Type: SUN_STANDARD

[Global flags]
     intx CICompilerCount                          = 4                                         {product} {ergonomic}
     uint ConcGCThreads                            = 2                                         {product} {ergonomic}
     uint G1ConcRefinementThreads                  = 8                                         {product} {ergonomic}
   size_t G1HeapRegionSize                         = 4194304                                   {product} {ergonomic}
    uintx GCDrainStackTargetSize                   = 64                                        {product} {ergonomic}
   size_t InitialHeapSize                          = 369098752                                 {product} {ergonomic}
   size_t MarkStackSize                            = 4194304                                   {product} {ergonomic}
   size_t MaxHeapSize                              = 5880414208                                {product} {ergonomic}
   size_t MaxNewSize                               = 3527409664                                {product} {ergonomic}
   size_t MinHeapDeltaBytes                        = 4194304                                   {product} {ergonomic}
   size_t MinHeapSize                              = 8388608                                   {product} {ergonomic}
    uintx NonNMethodCodeHeapSize                   = 5839372                                {pd product} {ergonomic}
    uintx NonProfiledCodeHeapSize                  = 122909434                              {pd product} {ergonomic}
    uintx ProfiledCodeHeapSize                     = 122909434                              {pd product} {ergonomic}
    uintx ReservedCodeCacheSize                    = 251658240                              {pd product} {ergonomic}
     bool SegmentedCodeCache                       = true                                      {product} {ergonomic}
     bool ShowCodeDetailsInExceptionMessages       = true                                   {manageable} {command line}
   size_t SoftMaxHeapSize                          = 5880414208                             {manageable} {ergonomic}
     bool UseCompressedClassPointers               = true                                 {lp64_product} {ergonomic}
     bool UseCompressedOops                        = true                                 {lp64_product} {ergonomic}
     bool UseG1GC                                  = true                                      {product} {ergonomic}
     bool UseLargePagesIndividualAllocation        = false                                  {pd product} {ergonomic}

Logging:
Log output configuration:
 #0: stdout all=warning uptime,level,tags
 #1: stderr all=off uptime,level,tags

Environment Variables:
PATH=C:\Users\Aashish\.p2\pool\plugins\org.eclipse.justj.openjdk.hotspot.jre.full.win32.x86_64_15.0.2.v20210201-0955\jre\bin;C:/Users/Aashish/.p2/pool/plugins/org.eclipse.justj.openjdk.hotspot.jre.full.win32.x86_64_15.0.2.v20210201-0955/jre/bin/server;C:/Users/Aashish/.p2/pool/plugins/org.eclipse.justj.openjdk.hotspot.jre.full.win32.x86_64_15.0.2.v20210201-0955/jre/bin;C:\Program Files (x86)\NVIDIA Corporation\PhysX\Common;C:\WINDOWS\system32;C:\WINDOWS;C:\WINDOWS\System32\Wbem;C:\WINDOWS\System32\WindowsPowerShell\v1.0\;C:\WINDOWS\System32\OpenSSH\;C:\Program Files\Microsoft SQL Server\120\Tools\Binn\;C:\Program Files\MATLAB\R2019b\bin;C:\Program Files\Git\cmd;C:\Program Files\nodejs\;C:\Users\Aashish\AppData\Local\Microsoft\WindowsApps;C:\Users\Aashish\AppData\Roaming\npm;C:\Users\Aashish\AppData\Local\Programs\Microsoft VS Code\bin;C:\Users\Aashish\AppData\Roaming\TinyTeX\bin\win32;C:\Users\Aashish\eclipse\java-2020-12\eclipse;
USERNAME=Aashish
OS=Windows_NT
PROCESSOR_IDENTIFIER=AMD64 Family 23 Model 17 Stepping 0, AuthenticAMD



---------------  S Y S T E M  ---------------

OS:
 Windows 10 , 64 bit Build 19041 (10.0.19041.928)
OS uptime: 5 days 6:14 hours

CPU: total 8 (initial active 8) (8 cores per cpu, 2 threads per core) family 23 model 17 stepping 0 microcode 0x0, cmov, cx8, fxsr, mmx, sse, sse2, sse3, ssse3, sse4.1, sse4.2, popcnt, vzeroupper, avx, avx2, aes, clmul, 3dnowpref, lzcnt, sse4a, ht, tsc, tscinvbit, tscinv, bmi1, bmi2, adx, sha, fma, clflush, clflushopt

Memory: 4k page, system-wide physical 22421M (13586M free)
TotalPageFile size 25749M (AvailPageFile size 12427M)
current process WorkingSet (physical memory assigned to process): 60M, peak: 64M
current process commit charge ("private bytes"): 448M, peak: 453M

vm_info: OpenJDK 64-Bit Server VM (15.0.2+7-27) for windows-amd64 JRE (15.0.2+7-27), built on Dec  7 2020 20:02:38 by "mach5one" with unknown MS VC++:1925

END.
